# ./app yolov5s-640-640_origin_good.rknn
model path :yolov5s-640-640_origin_good.rknn
rknn_api/rknnrt version: 1.5.0 (e6fe0c678@2023-05-25T08:10:27), driver version: 0.8.5
model input num: 1, output num: 3
input tensors:
  index=0, name=images, n_dims=4, dims=[1, 640, 640, 3], n_elems=1228800, size=1228800, fmt=NHWC, type=UINT8, qnt_type=AFFINE, zp=-128, scale=0.003922
output tensors:
  index=0, name=334, n_dims=5, dims=[1, 16, 80, 80, 16], n_elems=1638400, size=1638400, fmt=NC1HWC2, type=INT8, qnt_type=AFFINE, zp=77, scale=0.080445
  index=1, name=353, n_dims=5, dims=[1, 16, 40, 40, 16], n_elems=409600, size=409600, fmt=NC1HWC2, type=INT8, qnt_type=AFFINE, zp=56, scale=0.080794
  index=2, name=372, n_dims=5, dims=[1, 16, 20, 20, 16], n_elems=102400, size=102400, fmt=NC1HWC2, type=INT8, qnt_type=AFFINE, zp=69, scale=0.081305
custom string:
sensor 0: main:1920*1080, sub:640*640
#CodecName:H264
#IQ Path: /oem/usr/share/iqfiles
#Rkaiq XML DirPath: /oem/usr/share/iqfiles
#bMultictx: 0

rkaiq log level ff0
[   51.855964] stream_cif_mipi_id0: s_power 1, entity use_count 1

************************** VERSION INFOS **************************
version release date: 2023-03-02
         AIQ:       AIQ v5.0x1.2-rc2
   IQ PARSER:       Calib v1.4.8,magicCode:1170944
************************ VERSION INFOS END ************************
ID: 0, sensor_name is m00_b_sc230ai 4-0030-3, iqfiles is /oem/usr/share/iqfiles
[   51.856669] stream_cif_mipi_id0: s_power 0, entity use_count 0
[   52.334056] stream_cif_mipi_id0: s_power 1, entity use_count 1
[   52.336018] stream_cif_mipi_id0: open video, entity use_countt 2
[   52.336270] stream_cif_mipi_id1: open video, entity use_countt 1
rk_aiq_uapi2_sysctl_init/prepare succeed
[   52.372939] rkisp rkisp-vir0: first params buf queue
rk_aiq_uapi2_sysctl_start succeed
[INFO  rtsp_demo.c:280:rtsp_new_demo] rtsp server demo starting on port 554
[DEBUG rtsp_demo.c:480:rtsp_new_session] add session path: /live/0
[DEBUG rtsp_demo.c:480:rtsp_new_session] add session path: /live/1
rtsp streamq_alloc size is 1753484
rtsp streamq_alloc size is 1753484
rockit log path (null), log_size = 0, can use export rt_log_path=, export rt_log_size= change
log_file = (nil)
RTVersion        00:00:52-399 {dump              :064} ---------------------------------------------------------
RTVersion        00:00:52-419 {dump              :065} rockit version: git-56434d252 Tue Apr 4 15:06:22 2023 +0800
RTVersion        00:00:52-429 {dump              :066} rockit building: built- 2023-04-04 15:22:18
RTVersion        00:00:52-437 {dump              :067} ---------------------------------------------------------
rockit default level 4, can use export rt_log_level=x, x=0,1,2,3,4,5,6 change
(null)           00:00:52-456 {read_log_level    :097} text is all=4
(null)           00:00:52-462 {read_log_level    :099} module is all, log_level is 4
(null)           00:00:52-472 {monitor_log_level :148} #Start monitor_log_level thread, arg:(nil)
RTIsp3x          00:00:52-486 {ispInitDevice     :317} sensor name = m00_b_sc230ai 4-0030-3
RTIsp3x          00:00:52-490 {ispInitDevice     :320} sensor_index = 0
RKViDev          00:00:52-508 {vi_set_dev_attr   :445} VI_DEV_ATTR_S all parameter reserved
----------------------------1
stMbPicCalResult.u32MBSize:614400
  === VI ATTRS INFO: ===
        devId  :      0
        chnId  :      0
        buffcnt:      0
        buffSize:     0
        width:        0
        height:       0
        Maxwidth:     0
        Maxwidth:     0
        streaming:    0
----------------------------2
----------------------------3
RKViChn          00:00:52-540 {prepareRuntime    :334} ---------------------------------------------------------
RKViChn          00:00:52-549 {prepareRuntime    :336} vi version: 1.98, name:vvi
RKViChn          00:00:52-557 {prepareRuntime    :337} rockit-ko version: vmpi:99bd87e6f209
RKViChn          00:00:52-565 {prepareRuntime    :338} rockit-ko building: -2023-04-07-09:55:00
RKViChn          00:00:52-573 {prepareRuntime    :339} ---------------------------------------------------------
RKViChn          00:00:52-585 {prepareRuntime    :358} mb pool create success, MBCnt= 3
RTIsp3x          00:00:52-597 {ispInitDevice     :317} sensor name = m00_b_sc230ai 4-0030-3
RTIsp3x          00:00:52-601 {ispInitDevice     :320} sensor_index = 0
                Sensor link info dump:
         media name           : /dev/media1
         model name           : rkisp0
         camera id            : 0
         sensor name          : m00_b_sc230ai 4-0030-3
         mainpath video name  : /dev/video11
         selfpath video name  : /dev/video12
         bypasspath video name: /dev/video13
         sensor type :2:
cmpi             00:00:52-635 {createRuntime     :582} [non-WRAP MODE]: buff size = 614400
RTIsp3x          00:00:52-647 {ispInitDevice     :317} sensor name = m00_b_sc230ai 4-0030-3
RTIsp3x          00:00:52-653 {ispInitDevice     :320} sensor_index = 0
RTDeviceV4L2     00:00:52-662 {open              :135} cameraIndex:0, entityName:rkisp_selfpath
RTDeviceV4L2     00:00:52-670 {open              :141} open video name(/dev/video12)
RTDeviceV4L2     00:00:52-679 {ispCameraInfo     :554} current device:/dev/video12 isn't compatible(cap:0x84201000) device,memoryType:4, retry:0
RTDeviceV4L2     00:00:52-693 {ispInitFormat     :738} ioctl VIDIOC_S_FMT OK
[ RKViChn          00:00:52-701 {start             :883} =========== vi Start startRuntime ===========
RTDeviceV4L2     00:00:52-711 {ispStreamOn       :445} do ispStreamOn start
  52.483706] vsys dev open 26
[   52.702887] rkisp queue buf done
[   52.720993] rkisp_hw ffa00000.rkisp: set isp clk = 198000000Hz
[   52.721028] rkcif-mipi-lvds: sditf_reinit_mode, mode->rdbk_mode 0, mode->name rkisp-vir0, liRTDeviceV4L2     00:00:52-738 {ispStreamOn       :nk_mode 1498} do ispStreamOn done
=== 0 ===
cmpi             00:00:52-748 {SA
[ MPLE_COMM_VENC_C:129} V_C:1 bufferCnt:3
  52.722603] rkcif-mipi-lvds: stream[0] start streaming
[   52.722720] rockcMpiAdapterEncode 00:00:52-761 {ma_encode_create  :1654} ringbuf buf_size 614400
hip-mipi-csi2 ffa20000.mipi-csi2: stream on, src_sd: 8d2407d2, sd_namcmpi             00:00:52-776 {mb_get_buffer_by_i:421} allocated buffer(this=0xde648e:rockch, data=(nil), sizie=0, id=-1)
=== 1 ===
p-csi2-dphy0
[   52.722744]RKViChn           00:00:52-790 {getFrameRuntime   :1124} --roc-----------------------------vviBufkch->buf_sipe: 614400
-mipi-csi2 ffa20000.mipi-csi2: stream ON
[   52.722804] rockchip-csi2-dphy0: dphy0, data_rate_mbps 371
_stream , arg:0xackchip-csi2-dphy csi2-dphy0: csi2_dphy_s_stream stream on:1, dphy#Start venc1_get0
                 [e  8e6900
 52.722838] rockchip-csi2-dphy csi2-dphy0: csirga_api version 1.9.1_[5]
2_dphy_s_MpiAdapterEncode 00:00:52-829 {ma_encode_get_pack:st1979} map ptr: 0xa30b8000
ream stream2041 im2d_rga_impl rga_set_buffer_info(480): Invaild dst buffer, no address available in dst buffer,  onphy_addr = 0, fd = 0, vir_addr = 0, handle = 0
[DEBUG utils.c:134:rtsp_codec_data_parse_from_user:1, dphy0
[   52.772_h264] sps 284
[DEBUG utils.c:142:rtsp_codec_data_parse_from_user15_h264] pps 4
RTRgaIm2dWrapper 00:00:52-859 {do] mpp_vcodec: 44: nBlit            :313} fail to improcess
cmpi             00:00:52-874 {rkum_chan = 0
ipc_get_vi_to_np:2[ 84} RK_TDE_EndJo  52.772543]b Failure 0XA00E8003
 mpp_vcodec: 368: attr->max_width = 640, attr->max_height = 640
[   52.773369] mpp_vcodec: 103: chan_entry->handle a0223fae, enc a0223fae
[   52.809048] 755: MPP_ENC_SET_CFG in
[   52.809079] 524: MPP_ENC_SET_RC_CFG bps 1536000 [1440000 : 1632000] fps [30:30] gop 60
[   52.809093] 329: MPP_ENC_SET_PREP_CFG w:h [640:640] stride [640:640]
[   52.809103] 271: send header for set cfg change input/format
[   52.815293] 755: MPP_ENC_SET_CFG in
[   52.815319] 524: MPP_ENC_SET_RC_CFG bps 4096000 [3840000 : 4352000] fps [30:30] gop 50
[   52.815332] 271: send header for set cfg change rc_mode/fps/gop
[   52.815670] 755: MPP_ENC_SET_CFG in
[   52.815705] 524: MPP_ENC_SET_RC_CFG bps 4096000 [3840000 : 4352000] fps [30:30] gop 50
[   52.815717] 271: send header for set cfg change rc_mode/fps/gop
[   52.815873] 755: MPP_ENC_SET_CFG in
[   52.815887] 524: MPP_ENC_SET_RC_CFG bps 4096000 [3840000 : 4352000] fps [30:30] gop 50
[   52.815896] 271: send header for set cfg change rc_mode/fps/gop
[   52.816071] 755: MPP_ENC_SET_CFG in
[   52.816084] 524: MPP_ENC_SET_RC_CFG bps 4096000 [3840000 : 4352000] fps [30:30] gop 50
[   52.816104] 271: send header for set cfg change rc_mode/fps/gop
[   52.817395] 1062: mode cbr bps [3840000:4096000:4352000] fps fix [30/1] -> fix [30/1] gop i [50] v [0]
[   52.830888] rga_mm: Only get buffer 614400 byte from dma_fd = 0x32, but current image required 1228800 byte
[   52.830911] rga_common: memory param: w = 640, h = 640, f = RGB888(0x2), size = 0
[   52.830952] rga_mm: rga_mm_map_buffer map dma_buf error!
[   52.830963] rga: buffer[0] mm import buffer failed! memory = 0x32, type = dma_fd(0x0)

================= CH1 STREAMING DETAILS ==================
Start Time : 52sec 837992usec
End Time   : 56sec 818590usec
Total Time to stream 100 frames: 3980.598 msec TotalBytes/sec: 1.388 Mbps
Time per frame: 39.8060 msec
Streaming Performance in FPS: 25.1219
===========================================================

================= CH1 STREAMING DETAILS ==================
Start Time : 56sec 857796usec
End Time   : 60sec 858577usec
Total Time to stream 100 frames: 4000.781 msec TotalBytes/sec: 0.735 Mbps
Time per frame: 40.0078 msec
Streaming Performance in FPS: 24.9951
===========================================================

main exit!
[DEBUG rtsp_demo.c:645:rtsp_del_session] del session path: /live/0
[DEBUG rtsp_demo.c:645:rtsp_del_session] del session path: /live/1
cmpi             00:01:01-187 {rk_sys_get_chn_inf:149} unsupport module id 0
cmpi             00:01:01-192 {SAMPLE_COMM_UnBind:089} RK_MPI_SYS_UnBind failed with 0xa0028008!

cmpi             00:01:03-183 {SAMPLE_COMM_VENC_G:303} RK_MPI_VENC_GetStream chnid:942813232 fail 0XA004800E
mpp[489]: mpp_chan: ctx is no found in chan server

Jan  1 00:01:03 mpp[489]: mpp_chan: ctx is no found in chan server

MpiAdapterEncode 00:01:03-198 {ma_encode_destroy :2223} unmap ptr: 0xa30b8000
cmpi             00:01:03-207 {SAMPLE_COMM_VENC_G:303} RK_MPI_VENC_GetStream chnid:0 fail 0XFFFFFFFF
cmpi             00:01:03-217 {SAMPLE_COMM_VENC_G:303} RK_MPI_VENC_GetStream chnid:0 fail 0XFFFFFFFF
cmpi             00:01:03-224 {SAMPLE_COMM_VENC_G:303} RK_MPI_VENC_GetStream chnid:0 fail 0XFFFFFFFF
cmpi             00:01:03-233 {SAMPLE_COMM_VENC_G:303} RK_MPI_VENC_GetStream chnid:0 fail 0XFFFFFFFF
cmpi             00:01:03-242 {SAMPLE_COMM_VENC_G:303} RK_MPI_VENC_GetStream chnid:0 fail 0XFFFFFFFF
cmpi             00:01:03-251 {SAMPLE_COMM_VENC_G:303} RK_MPI_VENC_GetStream chnid:0 fail 0XFFFFFFFF
cmpi             00:01:03-261 {SAMPLE_COMM_VENC_G:303} RK_MPI_VENC_GetStream chnid:0 fail 0XFFFFFFFF
cmpi             00:01:03-269 {SAMPLE_COMM_VENC_G:303} RK_MPI_VENC_GetStream chnid:0 fail 0XFFFFFFFF
cmpi             00:01:03-280 {SAMPLE_COMM_VENC_G:303} RK_MPI_VENC_GetStream chnid:0 fail 0XFFFFFFFF
cmpi             00:01:03-287 {SAMPLE_COMM_VENC_G:303} RK_MPI_VENC_GetStream chnid:0 fail 0XFFFFFFFF
cmpi             00:01:03-297 {SAMPLE_COMM_VENC_G:303} RK_MPI_VENC_GetStream chnid:0 fail 0XFFFFFFFF
cmpi             00:01:03-306 {SAMPLE_COMM_VENC_G:303} RK_MPI_VENC_GetStream chnid:0 fail 0XFFFFFFFF
cmpi             00:01:03-315 {SAMPLE_COMM_VENC_G:303} RK_MPI_VENC_GetStream chnid:0 fail 0XFFFFFFFF
cmpi             00:01:03-324 {SAMPLE_COMM_VENC_G:303} RK_MPI_VENC_GetStream chnid:0 fail 0XFFFFFFFF
cmpi             00:01:03-333 {SAMPLE_COMM_VENC_G:303} RK_MPI_VENC_GetStream chnid:0 fail 0XFFFFFFFF
cmpi             00:01:03-341 {SAMPLE_COMM_VENC_G:303} RK_MPI_VENC_GetStream chnid:0 fail 0XFFFFFFFF
cmpi             00:01:03-350 {SAMPLE_COMM_VENC_G:303} RK_MPI_VENC_GetStream chnid:0 fail 0XFFFFFFFF
cmpi             00:01:03-359 {SAMPLE_COMM_VENC_G:303} RK_MPI_VENC_GetStream chnid:0 fail 0XFFFFFFFF
cmpi             00:01:03-368 {SAMPLE_COMM_VENC_G:303} RK_MPI_VENC_GetStream chnid:0 fail 0XFFFFFFFF
cmpi             00:01:03-377 {SAMPLE_COMM_VENC_G:303} RK_MPI_VENC_GetStream chnid:0 fail 0XFFFFFFFF
cmpi             00:01:03-386 {SAMPLE_COMM_VENC_G:303} RK_MPI_VENC_GetStream chnid:0 fail 0XFFFFFFFF
cmpi             00:01:03-395 {SAMPLE_COMM_VENC_G:303} RK_MPI_VENC_GetStream chnid:0 fail 0XFFFFFFFF
cmpi             00:01:03-404 {SAMPLE_COMM_VENC_G:303} RK_MPI_VENC_GetStream chnid:0 fail 0XFFFFFFFF
cmpi             00:01:03-413 {SAMPLE_COMM_VENC_G:303} RK_MPI_VENC_GetStream chnid:0 fail 0XFFFFFFFF
cmpi             00:01:03-424 {SAMPLE_COMM_VENC_G:303} RK_MPI_VENC_GetStream chnid:0 fail 0XFFFFFFFF
cmpi             00:01:03-431 {SAMPLE_COMM_VENC_G:303} RK_MPI_VENC_GetStream chnid:0 fail 0XFFFFFFFF
cmpi             00:01:03-440 {SAMPLE_COMM_VENC_G:303} RK_MPI_VENC_GetStream chnid:0 fail 0XFFFFFFFF
cmpi             00:01:03-449 {SAMPLE_COMM_VENC_G:303} RK_MPI_VENC_GetStream chnid:0 fail 0XFFFFFFFF
cmpi             00:01:03-458 {SAMPLE_COMM_VENC_G:303} RK_MPI_VENC_GetStream chnid:0 fail 0XFFFFFFFF
cmpi             00:01:03-466 {SAMPLE_COMM_VENC_G:303} RK_MPI_VENC_GetStream chnid:0 fail 0XFFFFFFFF
cmpi             00:01:03-475 {SAMPLE_COMM_VENC_G:303} RK_MPI_VENC_GetStream chnid:0 fail 0XFFFFFFFF
cmpi             00:01:03-484 {SAMPLE_COMM_VENC_G:303} RK_MPI_VENC_GetStream chnid:0 fail 0XFFFFFFFF
RKSockServer     00:01:03-492 {start             :162} accept failed
cmpi             00:01:03-500 {SAMPLE_COMM_VENC_G:303} RK_MPI_VENC_GetStream chnid:0 fail 0XFFFFFFFF
cmpi             00:01:03-509 {SAMPLE_COMM_VENC_G:303} RK_MPI_VENC_GetStream chnid:0 fail 0XFFFFFFFF
cmpi             00:01:03-518 {SAMPLE_COMM_VENC_G:303} RK_MPI_VENC_GetStream chnid:0 fail 0XFFFFFFFF
cmpi             00:01:03-527 {SAMPLE_COMM_VENC_G:303} RK_MPI_VENC_GetStream chnid:0 fail 0XFFFFFFFF
cmpi             00:01:03-536 {SAMPLE_COMM_VENC_G:303} RK_MPI_VENC_GetStream chnid:0 fail 0XFFFFFFFF
cmpi             00:01:03-545 {SAMPLE_COMM_VENC_G:303} RK_MPI_VENC_GetStream chnid:0 fail 0XFFFFFFFF
cmpi             00:01:03-554 {SAMPLE_COMM_VENC_G:303} RK_MPI_VENC_GetStream chnid:0 fail 0XFFFFFFFF
cmpi             00:01:03-563 {SAMPLE_COMM_VENC_G:303} RK_MPI_VENC_GetStream chnid:0 fail 0XFFFFFFFF
cmpi             00:01:03-572 {SAMPLE_COMM_VENC_G:303} RK_MPI_VENC_GetStream chnid:0 fail 0XFFFFFFFF
cmpi             00:01:03-581 {SAMPLE_COMM_VENC_G:303} RK_MPI_VENC_GetStream chnid:0 fail 0XFFFFFFFF
cmpi             00:01:03-590 {SAMPLE_COMM_VENC_G:303} RK_MPI_VENC_GetStream chnid:0 fail 0XFFFFFFFF
cmpi             00:01:03-599 {SAMPLE_COMM_VENC_G:303} RK_MPI_VENC_GetStream chnid:0 fail 0XFFFFFFFF
cmpi             00:01:03-608 {SAMPLE_COMM_VENC_G:303} RK_MPI_VENC_GetStream chnid:0 fail 0XFFFFFFFF
cmpi             00:01:03-617 {SAMPLE_COMM_VENC_G:303} RK_MPI_VENC_GetStream chnid:0 fail 0XFFFFFFFF
cmpi             00:01:03-625 {SAMPLE_COMM_VENC_G:303} RK_MPI_VENC_GetStream chnid:0 fail 0XFFFFFFFF
cmpi             00:01:03-634 {SAMPLE_COMM_VENC_G:303} RK_MPI_VENC_GetStream chnid:0 fail 0XFFFFFFFF
cmpi             00:01:03-643 {SAMPLE_COMM_VENC_G:303} RK_MPI_VENC_GetStream chnid:0 fail 0XFFFFFFFF
cmpi             00:01:03-652 {SAMPLE_COMM_VENC_G:303} RK_MPI_VENC_GetStream chnid:0 fail 0XFFFFFFFF
cmpi             00:01:03-661 {SAMPLE_COMM_VENC_G:303} RK_MPI_VENC_GetStream chnid:0 fail 0XFFFFFFFF
cmpi             00:01:03-670 {SAMPLE_COMM_VENC_G:303} RK_MPI_VENC_GetStream chnid:0 fail 0XFFFFFFFF
cmpi             00:01:03-679 {SAMPLE_COMM_VENC_G:303} RK_MPI_VENC_GetStream chnid:0 fail 0XFFFFFFFF
cmpi             00:01:03-688 {SAMPLE_COMM_VENC_G:303} RK_MPI_VENC_GetStream chnid:0 fail 0XFFFFFFFF
cmpi             00:01:03-697 {SAMPLE_COMM_VENC_G:303} RK_MPI_VENC_GetStream chnid:0 fail 0XFFFFFFFF
cmpi             00:01:03-706 {SAMPLE_COMM_VENC_G:303} RK_MPI_VENC_GetStream chnid:0 fail 0XFFFFFFFF
cmpi             00:01:03-715 {SAMPLE_COMM_VENC_G:303} RK_MPI_VENC_GetStream chnid:0 fail 0XFFFFFFFF
cmpi             00:01:03-724 {SAMPLE_COMM_VENC_G:303} RK_MPI_VENC_GetStream chnid:0 fail 0XFFFFFFFF
cmpi             00:01:03-733 {SAMPLE_COMM_VENC_G:303} RK_MPI_VENC_GetStream chnid:0 fail 0XFFFFFFFF
cmpi             00:01:03-742 {SAMPLE_COMM_VENC_G:303} RK_MPI_VENC_GetStream chnid:0 fail 0XFFFFFFFF
cmpi             00:01:03-750 {SAMPLE_COMM_VENC_G:303} RK_MPI_VENC_GetStream chnid:0 fail 0XFFFFFFFF
cmpi             00:01:03-759 {SAMPLE_COMM_VENC_G:303} RK_MPI_VENC_GetStream chnid:0 fail 0XFFFFFFFF
cmpi             00:01:03-768 {SAMPLE_COMM_VENC_G:303} RK_MPI_VENC_GetStream chnid:0 fail 0XFFFFFFFF
cmpi             00:01:03-777 {SAMPLE_COMM_VENC_G:303} RK_MPI_VENC_GetStream chnid:0 fail 0XFFFFFFFF
cmpi             00:01:03-786 {SAMPLE_COMM_VENC_G:303} RK_MPI_VENC_GetStream chnid:0 fail 0XFFFFFFFF
cmpi             00:01:03-795 {SAMPLE_COMM_VENC_G:303} RK_MPI_VENC_GetStream chnid:0 fail 0XFFFFFFFF
cmpi             00:01:03-804 {SAMPLE_COMM_VENC_G:303} RK_MPI_VENC_GetStream chnid:0 fail 0XFFFFFFFF
cmpi             00:01:03-813 {SAMPLE_COMM_VENC_G:303} RK_MPI_VENC_GetStream chnid:0 fail 0XFFFFFFFF
cmpi             00:01:03-824 {SAMPLE_COMM_VENC_G:303} RK_MPI_VENC_GetStream chnid:0 fail 0XFFFFFFFF
cmpi             00:01:03-831 {SAMPLE_COMM_VENC_G:303} RK_MPI_VENC_GetStream chnid:0 fail 0XFFFFFFFF
cmpi             00:01:03-840 {SAMPLE_COMM_VENC_G:303} RK_MPI_VENC_GetStream chnid:0 fail 0XFFFFFFFF
cmpi             00:01:03-849 {SAMPLE_COMM_VENC_G:303} RK_MPI_VENC_GetStream chnid:0 fail 0XFFFFFFFF
cmpi             00:01:03-858 {SAMPLE_COMM_VENC_G:303} RK_MPI_VENC_GetStream chnid:0 fail 0XFFFFFFFF
cmpi             00:01:03-867 {SAMPLE_COMM_VENC_G:303} RK_MPI_VENC_GetStream chnid:0 fail 0XFFFFFFFF
cmpi             00:01:03-875 {SAMPLE_COMM_VENC_G:303} RK_MPI_VENC_GetStream chnid:0 fail 0XFFFFFFFF
cmpi             00:01:03-884 {SAMPLE_COMM_VENC_G:303} RK_MPI_VENC_GetStream chnid:0 fail 0XFFFFFFFF
cmpi             00:01:03-893 {SAMPLE_COMM_VENC_G:303} RK_MPI_VENC_GetStream chnid:0 fail 0XFFFFFFFF
cmpi             00:01:03-904 {SAMPLE_COMM_VENC_G:303} RK_MPI_VENC_GetStream chnid:0 fail 0XFFFFFFFF
cmpi             00:01:03-911 {SAMPLE_COMM_VENC_G:303} RK_MPI_VENC_GetStream chnid:0 fail 0XFFFFFFFF
cmpi             00:01:03-920 {SAMPLE_COMM_VENC_G:303} RK_MPI_VENC_GetStream chnid:0 fail 0XFFFFFFFF
cmpi             00:01:03-929 {SAMPLE_COMM_VENC_G:303} RK_MPI_VENC_GetStream chnid:0 fail 0XFFFFFFFF
cmpi             00:01:03-938 {SAMPLE_COMM_VENC_G:303} RK_MPI_VENC_GetStream chnid:0 fail 0XFFFFFFFF
cmpi             00:01:03-947 {SAMPLE_COMM_VENC_G:303} RK_MPI_VENC_GetStream chnid:0 fail 0XFFFFFFFF
cmpi             00:01:03-956 {SAMPLE_COMM_VENC_G:303} RK_MPI_VENC_GetStream chnid:0 fail 0XFFFFFFFF
cmpi             00:01:03-965 {SAMPLE_COMM_VENC_G:303} RK_MPI_VENC_GetStream chnid:0 fail 0XFFFFFFFF
cmpi             00:01:03-974 {SAMPLE_COMM_VENC_G:303} RK_MPI_VENC_GetStream chnid:0 fail 0XFFFFFFFF
cmpi             00:01:03-984 {SAMPLE_COMM_VENC_G:303} RK_MPI_VENC_GetStream chnid:0 fail 0XFFFFFFFF
cmpi             00:01:03-991 {SAMPLE_COMM_VENC_G:303} RK_MPI_VENC_GetStream chnid:0 fail 0XFFFFFFFF
cmpi             00:01:04-000 {SAMPLE_COMM_VENC_G:303} RK_MPI_VENC_GetStream chnid:0 fail 0XFFFFFFFF
cmpi             00:01:04-009 {SAMPLE_COMM_VENC_G:303} RK_MPI_VENC_GetStream chnid:0 fail 0XFFFFFFFF
cmpi             00:01:04-018 {SAMPLE_COMM_VENC_G:303} RK_MPI_VENC_GetStream chnid:0 fail 0XFFFFFFFF
cmpi             00:01:04-027 {SAMPLE_COMM_VENC_G:303} RK_MPI_VENC_GetStream chnid:0 fail 0XFFFFFFFF
cmpi             00:01:04-036 {SAMPLE_COMM_VENC_G:303} RK_MPI_VENC_GetStream chnid:0 fail 0XFFFFFFFF
cmpi             00:01:04-045 {SAMPLE_COMM_VENC_G:303} RK_MPI_VENC_GetStream chnid:0 fail 0XFFFFFFFF
cmpi             00:01:04-054 {SAMPLE_COMM_VENC_G:303} RK_MPI_VENC_GetStream chnid:0 fail 0XFFFFFFFF
cmpi             00:01:04-064 {SAMPLE_COMM_VENC_G:303} RK_MPI_VENC_GetStream chnid:0 fail 0XFFFFFFFF
cmpi             00:01:04-072 {SAMPLE_COMM_VENC_G:303} RK_MPI_VENC_GetStream chnid:0 fail 0XFFFFFFFF
cmpi             00:01:04-081 {SAMPLE_COMM_VENC_G:303} RK_MPI_VENC_GetStream chnid:0 fail 0XFFFFFFFF
cmpi             00:01:04-090 {SAMPLE_COMM_VENC_G:303} RK_MPI_VENC_GetStream chnid:0 fail 0XFFFFFFFF
cmpi             00:01:04-099 {SAMPLE_COMM_VENC_G:303} RK_MPI_VENC_GetStream chnid:0 fail 0XFFFFFFFF
cmpi             00:01:04-108 {SAMPLE_COMM_VENC_G:303} RK_MPI_VENC_GetStream chnid:0 fail 0XFFFFFFFF
cmpi             00:01:04-116 {SAMPLE_COMM_VENC_G:303} RK_MPI_VENC_GetStream chnid:0 fail 0XFFFFFFFF
cmpi             00:01:04-125 {SAMPLE_COMM_VENC_G:303} RK_MPI_VENC_GetStream chnid:0 fail 0XFFFFFFFF
cmpi             00:01:04-134 {SAMPLE_COMM_VENC_G:303} RK_MPI_VENC_GetStream chnid:0 fail 0XFFFFFFFF
cmpi             00:01:04-145 {SAMPLE_COMM_VENC_G:303} RK_MPI_VENC_GetStream chnid:0 fail 0XFFFFFFFF
cmpi             00:01:04-152 {SAMPLE_COMM_VENC_G:303} RK_MPI_VENC_GetStream chnid:0 fail 0XFFFFFFFF
cmpi             00:01:04-161 {SAMPLE_COMM_VENC_G:303} RK_MPI_VENC_GetStream chnid:0 fail 0XFFFFFFFF
cmpi             00:01:04-170 {SAMPLE_COMM_VENC_G:303} RK_MPI_VENC_GetStream chnid:0 fail 0XFFFFFFFF
cmpi             00:01:04-179 {SAMPLE_COMM_VENC_G:303} RK_MPI_VENC_GetStream chnid:0 fail 0XFFFFFFFF
cmpi             00:01:04-188 {SAMPLE_COMM_VENC_G:303} RK_MPI_VENC_GetStream chnid:0 fail 0XFFFFFFFF
cmpi             00:01:04-197 {SAMPLE_COMM_VENC_G:303} RK_MPI_VENC_GetStream chnid:0 fail 0XFFFFFFFF
cmpi             00:01:04-206 {SAMPLE_COMM_VENC_G:303} RK_MPI_VENC_GetStream chnid:0 fail 0XFFFFFFFF
cmpi             00:01:04-215 {SAMPLE_COMM_VENC_G:303} RK_MPI_VENC_GetStream chnid:0 fail 0XFFFFFFFF
cmpi             00:01:04-224 {SAMPLE_COMM_VENC_G:303} RK_MPI_VENC_GetStream chnid:0 fail 0XFFFFFFFF
cmpi             00:01:04-233 {SAMPLE_COMM_VENC_G:303} RK_MPI_VENC_GetStream chnid:0 fail 0XFFFFFFFF
cmpi             00:01:04-241 {SAMPLE_COMM_VENC_G:303} RK_MPI_VENC_GetStream chnid:0 fail 0XFFFFFFFF
cmpi             00:01:04-250 {SAMPLE_COMM_VENC_G:303} RK_MPI_VENC_GetStream chnid:0 fail 0XFFFFFFFF
cmpi             00:01:04-259 {SAMPLE_COMM_VENC_G:303} RK_MPI_VENC_GetStream chnid:0 fail 0XFFFFFFFF
cmpi             00:01:04-268 {SAMPLE_COMM_VENC_G:303} RK_MPI_VENC_GetStream chnid:0 fail 0XFFFFFFFF
cmpi             00:01:04-277 {SAMPLE_COMM_VENC_G:303} RK_MPI_VENC_GetStream chnid:0 fail 0XFFFFFFFF
cmpi             00:01:04-286 {SAMPLE_COMM_VENC_G:303} RK_MPI_VENC_GetStream chnid:0 fail 0XFFFFFFFF
cmpi             00:01:04-296 {SAMPLE_COMM_VENC_G:303} RK_MPI_VENC_GetStream chnid:0 fail 0XFFFFFFFF
cmpi             00:01:04-304 {SAMPLE_COMM_VENC_G:303} RK_MPI_VENC_GetStream chnid:0 fail 0XFFFFFFFF
cmpi             00:01:04-313 {SAMPLE_COMM_VENC_G:303} RK_MPI_VENC_GetStream chnid:0 fail 0XFFFFFFFF
cmpi             00:01:04-322 {SAMPLE_COMM_VENC_G:303} RK_MPI_VENC_GetStream chnid:0 fail 0XFFFFFFFF
cmpi             00:01:04-331 {SAMPLE_COMM_VENC_G:303} RK_MPI_VENC_GetStream chnid:0 fail 0XFFFFFFFF
cmpi             00:01:04-340 {SAMPLE_COMM_VENC_G:303} RK_MPI_VENC_GetStream chnid:0 fail 0XFFFFFFFF
cmpi             00:01:04-349 {SAMPLE_COMM_VENC_G:303} RK_MPI_VENC_GetStream chnid:0 fail 0XFFFFFFFF
cmpi             00:01:04-357 {SAMPLE_COMM_VENC_G:303} RK_MPI_VENC_GetStream chnid:0 fail 0XFFFFFFFF
cmpi             00:01:04-366 {SAMPLE_COMM_VENC_G:303} RK_MPI_VENC_GetStream chnid:0 fail 0XFFFFFFFF
cmpi             00:01:04-376 {SAMPLE_COMM_VENC_G:303} RK_MPI_VENC_GetStream chnid:0 fail 0XFFFFFFFF
cmpi             00:01:04-384 {SAMPLE_COMM_VENC_G:303} RK_MPI_VENC_GetStream chnid:0 fail 0XFFFFFFFF
cmpi             00:01:04-393 {SAMPLE_COMM_VENC_G:303} RK_MPI_VENC_GetStream chnid:0 fail 0XFFFFFFFF
cmpi             00:01:04-402 {SAMPLE_COMM_VENC_G:303} RK_MPI_VENC_GetStream chnid:0 fail 0XFFFFFFFF
cmpi             00:01:04-411 {SAMPLE_COMM_VENC_G:303} RK_MPI_VENC_GetStream chnid:0 fail 0XFFFFFFFF
cmpi             00:01:04-420 {SAMPLE_COMM_VENC_G:303} RK_MPI_VENC_GetStream chnid:0 fail 0XFFFFFFFF
cmpi             00:01:04-429 {SAMPLE_COMM_VENC_G:303} RK_MPI_VENC_GetStream chnid:0 fail 0XFFFFFFFF
cmpi             00:01:04-438 {SAMPLE_COMM_VENC_G:303} RK_MPI_VENC_GetStream chnid:0 fail 0XFFFFFFFF
cmpi             00:01:04-447 {SAMPLE_COMM_VENC_G:303} RK_MPI_VENC_GetStream chnid:0 fail 0XFFFFFFFF
cmpi             00:01:04-457 {SAMPLE_COMM_VENC_G:303} RK_MPI_VENC_GetStream chnid:0 fail 0XFFFFFFFF
cmpi             00:01:04-465 {SAMPLE_COMM_VENC_G:303} RK_MPI_VENC_GetStream chnid:0 fail 0XFFFFFFFF
cmpi             00:01:04-474 {SAMPLE_COMM_VENC_G:303} RK_MPI_VENC_GetStream chnid:0 fail 0XFFFFFFFF
cmpi             00:01:04-482 {SAMPLE_COMM_VENC_G:303} RK_MPI_VENC_GetStream chnid:0 fail 0XFFFFFFFF
(null)           00:01:04-491 {monitor_log_level :189} monitor_log_level quit
cmpi             00:01:04-497 {SAMPLE_COMM_VENC_G:303} RK_MPI_VENC_GetStream chnid:0 fail 0XFFFFFFFF
rk_aiq_uapi2_sysctl_stop enter
cmpi             00:01:04-511 {SAMPLE_COMM_VENC_G:303} RK_MPI_VENC_GetStream chnid:0 fail 0XFFFFFFFF
rk_aiq_uapi2_sysctl_deinit enter
cmpi             00:01:04-522 {SAMPLE_COMM_VENC_G:303} RK_MPI_VENC_GetStream chnid:0 fail 0XFFFFFFFF
MessageParser process loop exit!
[   63.213949] rockirk_aiq_uapi2_sysctl_deinit exit
impi             00:01:04-538 {SAMPLE_COMM_VENC_G:3t 03} RK_MPI_VENC_GetStream chnid:0 fail 0XFFFFFFFF
scmpi             00:01:04-548 {SAp MPLE_COMM_VENC_G:303} RK_MPI_VENC_GetStream chnid:0 fail 0XFFFFFFFF
treamcmpi             o 00:01:04-557 {SAMPLE_COMM_VENC_G:303} RK_MPI_VENC_fGetStream chnid:0 fail 0XFFFFFFFF
f
[   64.537902] stream_cif_mipi_id1: close video, entity use_count 0
[   64.538003] stream_cif_mi# pi_id0: close video, entity use_count 1
[   64.544312] rkisp-vir0: MIPI drop frame
[   64.572635] rkcif-mipi-lvds: stream[0] start stopping, total mode 0x2, cur 0x2
[   64.576239] rockchip-mipi-csi2 ffa20000.mipi-csi2: stream off, src_sd: 8d2407d2, sd_name:rockchip-csi2-dphy0
[   64.576252] rockchip-mipi-csi2 ffa20000.mipi-csi2: stream OFF
[   64.576875] rockchip-csi2-dphy csi2-dphy0: csi2_dphy_s_stream_stop stream stop, dphy0
[   64.576887] rockchip-csi2-dphy csi2-dphy0: csi2_dphy_s_stream stream on:0, dphy0
[   64.576911] rockchip-csi2-dphy csi2-dphy0: csi2_dphy_s_stream stream on:0, dphy0
[   64.577081] rkcif-mipi-lvds: stream[0] stopping finished, dma_en 0x0
[   64.577453] stream_cif_mipi_id0: s_power 0, entity use_count 0
